Arguments: 
  /Users/guoyongsheng/.nvm/versions/node/v17.0.1/bin/node /usr/local/Cellar/yarn/1.22.17/libexec/bin/yarn.js

PATH: 
  /Users/guoyongsheng/.nvm/versions/node/v17.0.1/bin:/Library/Java/JavaVirtualMachines/jdk-1.8.jdk/Contents/Home/bin:/usr/local/apache-maven-3.9.2/bin:/Users/guoyongsheng/Documents/flutter/bin:/usr/local/bin:/usr/local/sbin:/Users/guoyongsheng/bin:/usr/local/sbin:/usr/local/bin:/usr/local/bin:/usr/bin:/bin:/usr/sbin:/sbin:/Library/Apple/usr/bin:.

Yarn version: 
  1.22.17

Node version: 
  17.0.1

Platform: 
  darwin x64

Trace: 
  SyntaxError: /Users/guoyongsheng/das/uniapp-vue3/package.json: Unexpected token } in JSON at position 279
      at JSON.parse (<anonymous>)
      at /usr/local/Cellar/yarn/1.22.17/libexec/lib/cli.js:1625:59
      at Generator.next (<anonymous>)
      at step (/usr/local/Cellar/yarn/1.22.17/libexec/lib/cli.js:310:30)
      at /usr/local/Cellar/yarn/1.22.17/libexec/lib/cli.js:321:13

npm manifest: 
  {
    "name": "uniapp-vue3",
    "version": "1.0.0",
    "description": "uniapp vue3 template",
    "main": "index.js",
    "license": "MIT",
    "keywords": [
      "uniapp",
      "vue3"
    ],
    "author": "grantguo",
    "devDependencies": {
      "grantlibs": "^1.0.19",
      "pinia": "^2.0.22",
    }
  }

yarn manifest: 
  No manifest

Lockfile: 
  # THIS IS AN AUTOGENERATED FILE. DO NOT EDIT THIS FILE DIRECTLY.
  # yarn lockfile v1
  
  
  "@vue/devtools-api@^6.5.0":
    version "6.6.1"
    resolved "https://registry.npmmirror.com/@vue/devtools-api/-/devtools-api-6.6.1.tgz#7c14346383751d9f6ad4bea0963245b30220ef83"
    integrity sha512-LgPscpE3Vs0x96PzSSB4IGVSZXZBZHpfxs+ZA1d+VEPwHdOXowy/Y2CsvCAIFrf+ssVU1pD1jidj505EpUnfbA==
  
  grantlibs@^1.0.19:
    version "1.0.19"
    resolved "https://registry.npmmirror.com/grantlibs/-/grantlibs-1.0.19.tgz#543efdee734de5eda7bd93742f3d44c31ade079a"
    integrity sha512-WyLb6bru+06Pzt6U3vODpCvwO4ejKZrvlliuanEp4Tu5pkevsfnWHUr3CNvnDJBy36Hi9R8zyvfmYdF/g8gUUA==
  
  pinia@^2.0.22:
    version "2.1.7"
    resolved "https://registry.npmmirror.com/pinia/-/pinia-2.1.7.tgz#4cf5420d9324ca00b7b4984d3fbf693222115bbc"
    integrity sha512-+C2AHFtcFqjPih0zpYuvof37SFxMQ7OEG2zV9jRI12i9BOy3YQVAHwdKtyyc8pDcDyIc33WCIsZaCFWU7WWxGQ==
    dependencies:
      "@vue/devtools-api" "^6.5.0"
      vue-demi ">=0.14.5"
  
  vk-uview-ui@^1.5.2:
    version "1.5.2"
    resolved "https://registry.npmmirror.com/vk-uview-ui/-/vk-uview-ui-1.5.2.tgz#15c8f6a68ff700d8ebfc346d7bccb2bf99da1297"
    integrity sha512-RRZgiEAc8qaUerSi7lSbrkCoLBgRUwFQHwP1V44pJO7Js+7HeHFEkkpPrtkOi14hl4CntR4qIhIDvaKmIJqVsw==
  
  vue-demi@>=0.14.5:
    version "0.14.7"
    resolved "https://registry.npmmirror.com/vue-demi/-/vue-demi-0.14.7.tgz#8317536b3ef74c5b09f268f7782e70194567d8f2"
    integrity sha512-EOG8KXDQNwkJILkx/gPcoL/7vH+hORoBaKgGe+6W7VFMvCYJfmF2dGbvgDroVnI8LU7/kTu8mbjRZGBU1z9NTA==
